<?xml version="1.0" encoding="UTF-8"?>
<!-- Generated by org.testng.reporters.JUnitReportReporter -->
<testsuite hostname="DESKTOP-UA7G0ND" failures="0" tests="3" name="codewithharry.tests.SubmitCartTest" time="34.168" errors="0" timestamp="2024-06-07T09:56:03 IST" skipped="0">
  <testcase classname="codewithharry.tests.SubmitCartTest" name="OrderConfirmed" time="5.027"/>
  <testcase classname="codewithharry.tests.SubmitCartTest" name="submitCart" time="18.964"/>
  <testcase classname="codewithharry.tests.SubmitCartTest" name="submitCart" time="10.177"/>
</testsuite> <!-- codewithharry.tests.SubmitCartTest -->
